Classic Timing Analyzer report for PBL
Wed Jul 10 11:27:43 2019
Quartus II Version 9.0 Build 132 02/25/2009 SJ Full Version


---------------------
; Table of Contents ;
---------------------
  1. Legal Notice
  2. Timing Analyzer Summary
  3. Timing Analyzer Settings
  4. Parallel Compilation
  5. tpd
  6. Timing Analyzer Messages



----------------
; Legal Notice ;
----------------
Copyright (C) 1991-2009 Altera Corporation
Your use of Altera Corporation's design tools, logic functions 
and other software and tools, and its AMPP partner logic 
functions, and any output files from any of the foregoing 
(including device programming or simulation files), and any 
associated documentation or information are expressly subject 
to the terms and conditions of the Altera Program License 
Subscription Agreement, Altera MegaCore Function License 
Agreement, or other applicable license agreement, including, 
without limitation, that your use is for the sole purpose of 
programming logic devices manufactured by Altera and sold by 
Altera or its authorized distributors.  Please refer to the 
applicable agreement for further details.



+--------------------------------------------------------------------------------------------------------------------------------------+
; Timing Analyzer Summary                                                                                                              ;
+------------------------------+-------+---------------+-------------+------------+-------------+------------+----------+--------------+
; Type                         ; Slack ; Required Time ; Actual Time ; From       ; To          ; From Clock ; To Clock ; Failed Paths ;
+------------------------------+-------+---------------+-------------+------------+-------------+------------+----------+--------------+
; Worst-case tpd               ; N/A   ; None          ; 27.200 ns   ; l2_jogador ; led_externa ; --         ; --       ; 0            ;
; Total number of failed paths ;       ;               ;             ;            ;             ;            ;          ; 0            ;
+------------------------------+-------+---------------+-------------+------------+-------------+------------+----------+--------------+


+--------------------------------------------------------------------------------------------------------------------+
; Timing Analyzer Settings                                                                                           ;
+---------------------------------------------------------------------+--------------------+------+----+-------------+
; Option                                                              ; Setting            ; From ; To ; Entity Name ;
+---------------------------------------------------------------------+--------------------+------+----+-------------+
; Device Name                                                         ; EP1K100QC208-3     ;      ;    ;             ;
; Timing Models                                                       ; Final              ;      ;    ;             ;
; Default hold multicycle                                             ; Same as Multicycle ;      ;    ;             ;
; Cut paths between unrelated clock domains                           ; On                 ;      ;    ;             ;
; Cut off read during write signal paths                              ; On                 ;      ;    ;             ;
; Cut off feedback from I/O pins                                      ; On                 ;      ;    ;             ;
; Report Combined Fast/Slow Timing                                    ; Off                ;      ;    ;             ;
; Ignore Clock Settings                                               ; Off                ;      ;    ;             ;
; Analyze latches as synchronous elements                             ; On                 ;      ;    ;             ;
; Enable Recovery/Removal analysis                                    ; Off                ;      ;    ;             ;
; Enable Clock Latency                                                ; Off                ;      ;    ;             ;
; Use TimeQuest Timing Analyzer                                       ; Off                ;      ;    ;             ;
; Minimum Core Junction Temperature                                   ; 0                  ;      ;    ;             ;
; Maximum Core Junction Temperature                                   ; 85                 ;      ;    ;             ;
; Number of source nodes to report per destination node               ; 10                 ;      ;    ;             ;
; Number of destination nodes to report                               ; 10                 ;      ;    ;             ;
; Number of paths to report                                           ; 200                ;      ;    ;             ;
; Report Minimum Timing Checks                                        ; Off                ;      ;    ;             ;
; Use Fast Timing Models                                              ; Off                ;      ;    ;             ;
; Report IO Paths Separately                                          ; Off                ;      ;    ;             ;
; Perform Multicorner Analysis                                        ; Off                ;      ;    ;             ;
; Reports the worst-case path for each clock domain and analysis      ; Off                ;      ;    ;             ;
; Removes common clock path pessimism (CCPP) during slack computation ; Off                ;      ;    ;             ;
; Output I/O Timing Endpoint                                          ; Near End           ;      ;    ;             ;
+---------------------------------------------------------------------+--------------------+------+----+-------------+


+------------------------------------------+
; Parallel Compilation                     ;
+----------------------------+-------------+
; Processors                 ; Number      ;
+----------------------------+-------------+
; Number detected on machine ; 2           ;
; Maximum allowed            ; 2           ;
;                            ;             ;
; Average used               ; 1.00        ;
; Maximum used               ; 1           ;
;                            ;             ;
; Usage by Processor         ; % Time Used ;
;     1 processor            ; 100.0%      ;
;     2 processors           ;   0.0%      ;
+----------------------------+-------------+


+---------------------------------------------------------------------------------+
; tpd                                                                             ;
+-------+-------------------+-----------------+------------+----------------------+
; Slack ; Required P2P Time ; Actual P2P Time ; From       ; To                   ;
+-------+-------------------+-----------------+------------+----------------------+
; N/A   ; None              ; 27.200 ns       ; l2_jogador ; led_externa          ;
; N/A   ; None              ; 25.400 ns       ; c2_jogador ; led_externa          ;
; N/A   ; None              ; 25.300 ns       ; c3_jogador ; led_externa          ;
; N/A   ; None              ; 25.300 ns       ; l2_jogador ; coluna_a             ;
; N/A   ; None              ; 24.700 ns       ; l2_jogador ; led_externa_vermelha ;
; N/A   ; None              ; 24.200 ns       ; l2_jogador ; linha_0              ;
; N/A   ; None              ; 23.500 ns       ; l1_jogador ; led_externa          ;
; N/A   ; None              ; 23.500 ns       ; c2_jogador ; coluna_a             ;
; N/A   ; None              ; 23.400 ns       ; c3_jogador ; coluna_a             ;
; N/A   ; None              ; 22.900 ns       ; c2_jogador ; led_externa_vermelha ;
; N/A   ; None              ; 22.800 ns       ; c3_jogador ; led_externa_vermelha ;
; N/A   ; None              ; 22.800 ns       ; l1_jogador ; led_externa_vermelha ;
; N/A   ; None              ; 22.600 ns       ; l3_jogador ; led_externa          ;
; N/A   ; None              ; 22.400 ns       ; c2_jogador ; linha_0              ;
; N/A   ; None              ; 22.300 ns       ; c3_jogador ; linha_0              ;
; N/A   ; None              ; 22.300 ns       ; l1_jogador ; linha_0              ;
; N/A   ; None              ; 21.600 ns       ; l1_jogador ; coluna_a             ;
; N/A   ; None              ; 21.100 ns       ; c1_jogador ; led_externa          ;
; N/A   ; None              ; 20.700 ns       ; l3_jogador ; coluna_a             ;
; N/A   ; None              ; 20.100 ns       ; l3_jogador ; led_externa_vermelha ;
; N/A   ; None              ; 19.600 ns       ; l3_jogador ; linha_0              ;
; N/A   ; None              ; 19.200 ns       ; c1_jogador ; coluna_a             ;
; N/A   ; None              ; 18.700 ns       ; c1_jogador ; led_externa_vermelha ;
; N/A   ; None              ; 18.200 ns       ; c1_jogador ; linha_0              ;
+-------+-------------------+-----------------+------------+----------------------+


+--------------------------+
; Timing Analyzer Messages ;
+--------------------------+
Info: *******************************************************************
Info: Running Quartus II Classic Timing Analyzer
    Info: Version 9.0 Build 132 02/25/2009 SJ Full Version
    Info: Processing started: Wed Jul 10 11:27:43 2019
Info: Command: quartus_tan --read_settings_files=off --write_settings_files=off PBL -c PBL
Info: Parallel compilation is enabled and will use 2 of the 2 processors detected
Info: Started post-fitting delay annotation
Info: Delay annotation completed successfully
Info: Longest tpd from source pin "l2_jogador" to destination pin "led_externa" is 27.200 ns
    Info: 1: + IC(0.000 ns) + CELL(3.400 ns) = 3.400 ns; Loc. = PIN_113; Fanout = 1; PIN Node = 'l2_jogador'
    Info: 2: + IC(5.600 ns) + CELL(1.900 ns) = 10.900 ns; Loc. = LC1_J3; Fanout = 4; COMB Node = 'comparador:inst8|inst55~0'
    Info: 3: + IC(2.600 ns) + CELL(2.000 ns) = 15.500 ns; Loc. = LC3_J31; Fanout = 1; COMB Node = 'comparador:inst8|inst55~4'
    Info: 4: + IC(3.100 ns) + CELL(8.600 ns) = 27.200 ns; Loc. = PIN_127; Fanout = 0; PIN Node = 'led_externa'
    Info: Total cell delay = 15.900 ns ( 58.46 % )
    Info: Total interconnect delay = 11.300 ns ( 41.54 % )
Info: Quartus II Classic Timing Analyzer was successful. 0 errors, 0 warnings
    Info: Peak virtual memory: 141 megabytes
    Info: Processing ended: Wed Jul 10 11:27:43 2019
    Info: Elapsed time: 00:00:00
    Info: Total CPU time (on all processors): 00:00:01


