Flow report for problema3_industria
Tue Sep 24 00:38:47 2019
Quartus II Version 9.0 Build 235 06/17/2009 Service Pack 2 SJ Web Edition


---------------------
; Table of Contents ;
---------------------
  1. Legal Notice
  2. Flow Summary
  3. Flow Settings
  4. Flow Non-Default Global Settings
  5. Flow Elapsed Time
  6. Flow OS Summary
  7. Flow Log



----------------
; Legal Notice ;
----------------
Copyright (C) 1991-2009 Altera Corporation
Your use of Altera Corporation's design tools, logic functions 
and other software and tools, and its AMPP partner logic 
functions, and any output files from any of the foregoing 
(including device programming or simulation files), and any 
associated documentation or information are expressly subject 
to the terms and conditions of the Altera Program License 
Subscription Agreement, Altera MegaCore Function License 
Agreement, or other applicable license agreement, including, 
without limitation, that your use is for the sole purpose of 
programming logic devices manufactured by Altera and sold by 
Altera or its authorized distributors.  Please refer to the 
applicable agreement for further details.



+------------------------------------------------------------------------+
; Flow Summary                                                           ;
+-------------------------+----------------------------------------------+
; Flow Status             ; Successful - Tue Sep 24 00:38:47 2019        ;
; Quartus II Version      ; 9.0 Build 235 06/17/2009 SP 2 SJ Web Edition ;
; Revision Name           ; problema3_industria                          ;
; Top-level Entity Name   ; problema3_industria                          ;
; Family                  ; ACEX1K                                       ;
; Device                  ; EP1K100QC208-3                               ;
; Timing Models           ; Final                                        ;
; Met timing requirements ; Yes                                          ;
; Total logic elements    ; 116 / 4,992 ( 2 % )                          ;
; Total pins              ; 20 / 147 ( 14 % )                            ;
; Total memory bits       ; 0 / 49,152 ( 0 % )                           ;
; Total PLLs              ; 0                                            ;
+-------------------------+----------------------------------------------+


+-----------------------------------------+
; Flow Settings                           ;
+-------------------+---------------------+
; Option            ; Setting             ;
+-------------------+---------------------+
; Start date & time ; 09/24/2019 00:38:18 ;
; Main task         ; Compilation         ;
; Revision Name     ; problema3_industria ;
+-------------------+---------------------+


+---------------------------------------------------------------------------------------------------------------------------------------------------------------------------------------+
; Flow Non-Default Global Settings                                                                                                                                                      ;
+------------------------------------+---------------------------------------------------------------------------------------------------+---------------+-------------+----------------+
; Assignment Name                    ; Value                                                                                             ; Default Value ; Entity Name ; Section Id     ;
+------------------------------------+---------------------------------------------------------------------------------------------------+---------------+-------------+----------------+
; COMPILER_SIGNATURE_ID              ; 264457275488704.156929629408772                                                                   ; --            ; --          ; --             ;
; IP_TOOL_NAME                       ; LPM_MUX                                                                                           ; --            ; --          ; --             ;
; IP_TOOL_NAME                       ; LPM_CONSTANT                                                                                      ; --            ; --          ; --             ;
; IP_TOOL_NAME                       ; LPM_CONSTANT                                                                                      ; --            ; --          ; --             ;
; IP_TOOL_NAME                       ; LPM_CONSTANT                                                                                      ; --            ; --          ; --             ;
; IP_TOOL_NAME                       ; LPM_CONSTANT                                                                                      ; --            ; --          ; --             ;
; IP_TOOL_NAME                       ; LPM_COMPARE                                                                                       ; --            ; --          ; --             ;
; IP_TOOL_NAME                       ; LPM_MUX                                                                                           ; --            ; --          ; --             ;
; IP_TOOL_VERSION                    ; 9.0                                                                                               ; --            ; --          ; --             ;
; IP_TOOL_VERSION                    ; 9.0                                                                                               ; --            ; --          ; --             ;
; IP_TOOL_VERSION                    ; 9.0                                                                                               ; --            ; --          ; --             ;
; IP_TOOL_VERSION                    ; 9.0                                                                                               ; --            ; --          ; --             ;
; IP_TOOL_VERSION                    ; 9.0                                                                                               ; --            ; --          ; --             ;
; IP_TOOL_VERSION                    ; 9.0                                                                                               ; --            ; --          ; --             ;
; IP_TOOL_VERSION                    ; 9.0                                                                                               ; --            ; --          ; --             ;
; MAX_CORE_JUNCTION_TEMP             ; 85                                                                                                ; --            ; --          ; --             ;
; MIN_CORE_JUNCTION_TEMP             ; 0                                                                                                 ; --            ; --          ; --             ;
; MISC_FILE                          ; C:/Users/Evelyn Suzarte/Desktop/PBL 3/Problema 3- Maquina de estados/problema3_industria.dpf      ; --            ; --          ; --             ;
; MISC_FILE                          ; /home/aluno/Área de trabalho/Problema 3- Maquina de estados/problema3_industria.dpf              ; --            ; --          ; --             ;
; MISC_FILE                          ; lpm_mux0.tdf                                                                                      ; --            ; --          ; --             ;
; MISC_FILE                          ; lpm_mux0.bsf                                                                                      ; --            ; --          ; --             ;
; MISC_FILE                          ; lpm_constant0.tdf                                                                                 ; --            ; --          ; --             ;
; MISC_FILE                          ; lpm_constant0.bsf                                                                                 ; --            ; --          ; --             ;
; MISC_FILE                          ; lpm_constant1.tdf                                                                                 ; --            ; --          ; --             ;
; MISC_FILE                          ; lpm_constant1.bsf                                                                                 ; --            ; --          ; --             ;
; MISC_FILE                          ; lpm_constant2.tdf                                                                                 ; --            ; --          ; --             ;
; MISC_FILE                          ; lpm_constant2.bsf                                                                                 ; --            ; --          ; --             ;
; MISC_FILE                          ; lpm_constant3.tdf                                                                                 ; --            ; --          ; --             ;
; MISC_FILE                          ; lpm_constant3.bsf                                                                                 ; --            ; --          ; --             ;
; MISC_FILE                          ; lpm_compare0.tdf                                                                                  ; --            ; --          ; --             ;
; MISC_FILE                          ; lpm_compare0.bsf                                                                                  ; --            ; --          ; --             ;
; MISC_FILE                          ; lpm_mux1.tdf                                                                                      ; --            ; --          ; --             ;
; MISC_FILE                          ; lpm_mux1.bsf                                                                                      ; --            ; --          ; --             ;
; MISC_FILE                          ; lpm_mux1.inc                                                                                      ; --            ; --          ; --             ;
; MISC_FILE                          ; C:/Users/Evelyn Suzarte/Desktop/Problema 3- Maquina de estados ATUALIZADO/problema3_industria.dpf ; --            ; --          ; --             ;
; USE_GENERATED_PHYSICAL_CONSTRAINTS ; Off                                                                                               ; --            ; --          ; eda_blast_fpga ;
+------------------------------------+---------------------------------------------------------------------------------------------------+---------------+-------------+----------------+


+-----------------------------------------------------------------------------------------------------------------------------+
; Flow Elapsed Time                                                                                                           ;
+-------------------------+--------------+-------------------------+---------------------+------------------------------------+
; Module Name             ; Elapsed Time ; Average Processors Used ; Peak Virtual Memory ; Total CPU Time (on all processors) ;
+-------------------------+--------------+-------------------------+---------------------+------------------------------------+
; Analysis & Synthesis    ; 00:00:13     ; 1.0                     ; 256 MB              ; 00:00:08                           ;
; Fitter                  ; 00:00:12     ; 1.0                     ; 261 MB              ; 00:00:12                           ;
; Assembler               ; 00:00:01     ; 1.0                     ; 241 MB              ; 00:00:01                           ;
; Classic Timing Analyzer ; 00:00:01     ; 1.0                     ; 206 MB              ; 00:00:01                           ;
; Total                   ; 00:00:27     ; --                      ; --                  ; 00:00:22                           ;
+-------------------------+--------------+-------------------------+---------------------+------------------------------------+


+------------------------------------------------------------------------------------------+
; Flow OS Summary                                                                          ;
+-------------------------+------------------+---------------+------------+----------------+
; Module Name             ; Machine Hostname ; OS Name       ; OS Version ; Processor type ;
+-------------------------+------------------+---------------+------------+----------------+
; Analysis & Synthesis    ; EVELYNSUZARTE    ; Windows Vista ; 6.2        ; x86_64         ;
; Fitter                  ; EVELYNSUZARTE    ; Windows Vista ; 6.2        ; x86_64         ;
; Assembler               ; EVELYNSUZARTE    ; Windows Vista ; 6.2        ; x86_64         ;
; Classic Timing Analyzer ; EVELYNSUZARTE    ; Windows Vista ; 6.2        ; x86_64         ;
+-------------------------+------------------+---------------+------------+----------------+


------------
; Flow Log ;
------------
quartus_map --read_settings_files=on --write_settings_files=off problema3_industria -c problema3_industria
quartus_fit --read_settings_files=off --write_settings_files=off problema3_industria -c problema3_industria
quartus_asm --read_settings_files=off --write_settings_files=off problema3_industria -c problema3_industria
quartus_tan --read_settings_files=off --write_settings_files=off problema3_industria -c problema3_industria



